Arguments: 
  /usr/local/bin/node /usr/local/bin/yarn add react-draft-wysiwyg

PATH: 
  /Users/mubin/.rvm/gems/ruby-2.3.1/bin:/Users/mubin/.rvm/gems/ruby-2.3.1@global/bin:/Users/mubin/.rvm/rubies/ruby-2.3.1/bin:/usr/local/bin:/usr/bin:/bin:/usr/sbin:/sbin:/usr/local/go/bin:/Applications/Wireshark.app/Contents/MacOS:/Users/mubin/.rvm/gems/ruby-2.3.1/bin:/Users/mubin/.rvm/gems/ruby-2.3.1@global/bin:/Users/mubin/.rvm/rubies/ruby-2.3.1/bin:/Users/mubin/.rvm/bin:Users/mubin/Library/Android/sdk/tools:Users/mubin/Library/Android/sdk/platform-tools:/Users/mubin/.rvm/bin:Users/mubin/Library/Android/sdk/tools:Users/mubin/Library/Android/sdk/platform-tools

Yarn version: 
  0.21.3

Node version: 
  7.6.0

Platform: 
  darwin x64

npm manifest: 
  {
    "private": true,
    "scripts": {
      "start": "roadhog server",
      "build": "roadhog build",
      "lint": "eslint --ext .js src test",
      "precommit": "npm run lint"
    },
    "engines": {
      "install-node": "6.9.2"
    },
    "dependencies": {
      "antd": "^2.9.0",
      "axios": "^0.16.0",
      "babel-runtime": "^6.9.2",
      "classnames": "^2.2.5",
      "dva": "^1.2.1",
      "dva-loading": "^0.2.1",
      "express": "^4.15.2",
      "js-cookie": "^2.1.4",
      "jsonp": "^0.2.1",
      "lodash": "^4.17.4",
      "qs": "^6.4.0",
      "rc-tween-one": "^1.1.5",
      "react": "^15.5.1",
      "react-color": "^2.11.4",
      "react-dom": "^15.5.1",
      "react-draft-wysiwyg": "^1.9.1",
      "react-helmet": "^5.0.2",
      "waterline": "^0.11.11"
    },
    "devDependencies": {
      "babel-eslint": "^7.1.1",
      "babel-plugin-dva-hmr": "^0.3.2",
      "babel-plugin-transform-runtime": "^6.9.0",
      "eslint": "^3.12.2",
      "eslint-config-airbnb": "^13.0.0",
      "eslint-plugin-import": "^2.2.0",
      "eslint-plugin-jsx-a11y": "^2.2.3",
      "eslint-plugin-react": "^6.8.0",
      "expect": "^1.20.2",
      "husky": "^0.12.0",
      "redbox-react": "^1.3.2",
      "roadhog": "^0.5.2"
    }
  }

yarn manifest: 
  No manifest

Lockfile: 
  No lockfile

Trace: 
  Error: EEXIST: file already exists, mkdir '/Users/mubin/Desktop/git/blog/node_modules/acorn-jsx'
